<?xml version="1.0" encoding="UTF-8"?>
<!-- Generated by org.testng.reporters.JUnitReportReporter -->
<testsuite hostname="DESKTOP-F333RF8" failures="0" tests="1" name="test_cases.Tc_004_SearchProduct" time="11.014" errors="0" timestamp="2023-09-19T11:50:31 IST" skipped="0">
  <testcase classname="test_cases.Tc_004_SearchProduct" name="searchproduct" time="11.014"/>
  <system-out/>
</testsuite> <!-- test_cases.Tc_004_SearchProduct -->
