<?xml version="1.0" encoding="UTF-8"?>
<!-- Generated by org.testng.reporters.JUnitReportReporter -->
<testsuite hostname="DESKTOP-F333RF8" failures="0" tests="1" name="test_cases.Tc_006_EndtoEndTesting" time="155.600" errors="0" timestamp="2023-09-19T17:42:53 IST" skipped="0">
  <testcase classname="test_cases.Tc_006_EndtoEndTesting" name="EndtoEndTest" time="155.600"/>
  <system-out/>
</testsuite> <!-- test_cases.Tc_006_EndtoEndTesting -->
