<?xml version="1.0" encoding="UTF-8"?>
<!-- Generated by org.testng.reporters.JUnitReportReporter -->
<testsuite hostname="DESKTOP-F333RF8" failures="0" tests="1" name="test_cases.Tc_005_AddtocartTest" time="25.793" errors="0" timestamp="2023-09-19T16:47:54 IST" skipped="0">
  <testcase classname="test_cases.Tc_005_AddtocartTest" name="addtocarttest" time="25.793"/>
  <system-out/>
</testsuite> <!-- test_cases.Tc_005_AddtocartTest -->
