<?xml version="1.0" encoding="UTF-8"?>
<!-- Generated by org.testng.reporters.JUnitReportReporter -->
<testsuite hostname="DESKTOP-F333RF8" failures="0" tests="1" name="test_cases.Tc_002_LoginTest" time="16.642" errors="0" timestamp="2023-09-19T16:57:11 IST" skipped="0">
  <testcase classname="test_cases.Tc_002_LoginTest" name="test_login" time="16.642"/>
  <system-out/>
</testsuite> <!-- test_cases.Tc_002_LoginTest -->
