<?xml version="1.0" encoding="UTF-8"?>
<!-- Generated by org.testng.reporters.JUnitReportReporter -->
<testsuite hostname="DESKTOP-F333RF8" failures="0" tests="1" name="test_cases.Tc_006_EndtoEndTesting" time="169.022" errors="0" timestamp="2023-09-20T10:42:44 IST" skipped="0">
  <testcase classname="test_cases.Tc_006_EndtoEndTesting" name="EndtoEndTest" time="169.022"/>
</testsuite> <!-- test_cases.Tc_006_EndtoEndTesting -->
