<?xml version="1.0" encoding="UTF-8"?>
<!-- Generated by org.testng.reporters.JUnitReportReporter -->
<testsuite hostname="DESKTOP-F333RF8" failures="0" tests="1" name="test_cases.Tc_001_AccountRegistration" time="34.463" errors="0" timestamp="2023-09-20T10:34:13 IST" skipped="0">
  <testcase classname="test_cases.Tc_001_AccountRegistration" name="test_account_registration" time="34.463"/>
</testsuite> <!-- test_cases.Tc_001_AccountRegistration -->
